{"/Users/nbuskirk/Sites/dashboard/client/src/main.jsx": {"path":"/Users/nbuskirk/Sites/dashboard/client/src/main.jsx","statementMap":{"0":{"start":{"line":10,"column":0},"end":{"line":14,"column":2}}},"fnMap":{},"branchMap":{},"s":{"0":0},"f":{},"b":{}}
,"/Users/nbuskirk/Sites/dashboard/client/src/components/App/App.jsx": {"path":"/Users/nbuskirk/Sites/dashboard/client/src/components/App/App.jsx","statementMap":{"0":{"start":{"line":18,"column":23},"end":{"line":24,"column":1}},"1":{"start":{"line":19,"column":15},"end":{"line":19,"column":46}},"2":{"start":{"line":19,"column":35},"end":{"line":19,"column":45}},"3":{"start":{"line":20,"column":2},"end":{"line":22,"column":3}},"4":{"start":{"line":21,"column":4},"end":{"line":21,"column":36}},"5":{"start":{"line":23,"column":2},"end":{"line":23,"column":18}},"6":{"start":{"line":27,"column":2},"end":{"line":52,"column":4}}},"fnMap":{"0":{"name":"(anonymous_0)","decl":{"start":{"line":18,"column":23},"end":{"line":18,"column":24}},"loc":{"start":{"line":18,"column":41},"end":{"line":24,"column":1}},"line":18},"1":{"name":"(anonymous_1)","decl":{"start":{"line":19,"column":24},"end":{"line":19,"column":25}},"loc":{"start":{"line":19,"column":35},"end":{"line":19,"column":45}},"line":19},"2":{"name":"App","decl":{"start":{"line":26,"column":9},"end":{"line":26,"column":12}},"loc":{"start":{"line":26,"column":15},"end":{"line":53,"column":1}},"line":26}},"branchMap":{"0":{"loc":{"start":{"line":20,"column":2},"end":{"line":22,"column":3}},"type":"if","locations":[{"start":{"line":20,"column":2},"end":{"line":22,"column":3}},{"start":{},"end":{}}],"line":20}},"s":{"0":1,"1":1,"2":1,"3":1,"4":1,"5":0,"6":1},"f":{"0":1,"1":1,"2":1},"b":{"0":[1,0]},"_coverageSchema":"1a1c01bbd47fc00a2c39e90264f33305004495a9","hash":"e66350f3c1ef15cff4e9f510b14cae72b4c64750"}
,"/Users/nbuskirk/Sites/dashboard/client/src/components/AuthProvider/AuthProvider.jsx": {"path":"/Users/nbuskirk/Sites/dashboard/client/src/components/AuthProvider/AuthProvider.jsx","statementMap":{"0":{"start":{"line":7,"column":20},"end":{"line":7,"column":35}},"1":{"start":{"line":9,"column":28},"end":{"line":45,"column":1}},"2":{"start":{"line":10,"column":15},"end":{"line":10,"column":46}},"3":{"start":{"line":10,"column":35},"end":{"line":10,"column":45}},"4":{"start":{"line":11,"column":18},"end":{"line":11,"column":52}},"5":{"start":{"line":11,"column":38},"end":{"line":11,"column":51}},"6":{"start":{"line":12,"column":19},"end":{"line":12,"column":32}},"7":{"start":{"line":13,"column":40},"end":{"line":13,"column":77}},"8":{"start":{"line":15,"column":4},"end":{"line":15,"column":14}},"9":{"start":{"line":17,"column":16},"end":{"line":30,"column":3}},"10":{"start":{"line":24,"column":4},"end":{"line":24,"column":22}},"11":{"start":{"line":25,"column":4},"end":{"line":25,"column":30}},"12":{"start":{"line":26,"column":4},"end":{"line":26,"column":36}},"13":{"start":{"line":27,"column":4},"end":{"line":27,"column":22}},"14":{"start":{"line":28,"column":4},"end":{"line":28,"column":36}},"15":{"start":{"line":29,"column":4},"end":{"line":29,"column":27}},"16":{"start":{"line":32,"column":17},"end":{"line":39,"column":3}},"17":{"start":{"line":33,"column":4},"end":{"line":33,"column":18}},"18":{"start":{"line":34,"column":4},"end":{"line":34,"column":21}},"19":{"start":{"line":35,"column":4},"end":{"line":35,"column":25}},"20":{"start":{"line":36,"column":4},"end":{"line":36,"column":27}},"21":{"start":{"line":37,"column":4},"end":{"line":37,"column":20}},"22":{"start":{"line":38,"column":4},"end":{"line":38,"column":27}},"23":{"start":{"line":42,"column":16},"end":{"line":42,"column":64}},"24":{"start":{"line":42,"column":31},"end":{"line":42,"column":54}},"25":{"start":{"line":44,"column":2},"end":{"line":44,"column":79}},"26":{"start":{"line":47,"column":23},"end":{"line":47,"column":52}},"27":{"start":{"line":47,"column":29},"end":{"line":47,"column":52}}},"fnMap":{"0":{"name":"(anonymous_0)","decl":{"start":{"line":9,"column":28},"end":{"line":9,"column":29}},"loc":{"start":{"line":9,"column":46},"end":{"line":45,"column":1}},"line":9},"1":{"name":"(anonymous_1)","decl":{"start":{"line":10,"column":24},"end":{"line":10,"column":25}},"loc":{"start":{"line":10,"column":35},"end":{"line":10,"column":45}},"line":10},"2":{"name":"(anonymous_2)","decl":{"start":{"line":11,"column":27},"end":{"line":11,"column":28}},"loc":{"start":{"line":11,"column":38},"end":{"line":11,"column":51}},"line":11},"3":{"name":"(anonymous_3)","decl":{"start":{"line":17,"column":16},"end":{"line":17,"column":17}},"loc":{"start":{"line":23,"column":7},"end":{"line":30,"column":3}},"line":23},"4":{"name":"(anonymous_4)","decl":{"start":{"line":32,"column":17},"end":{"line":32,"column":18}},"loc":{"start":{"line":32,"column":23},"end":{"line":39,"column":3}},"line":32},"5":{"name":"(anonymous_5)","decl":{"start":{"line":42,"column":24},"end":{"line":42,"column":25}},"loc":{"start":{"line":42,"column":31},"end":{"line":42,"column":54}},"line":42},"6":{"name":"(anonymous_6)","decl":{"start":{"line":47,"column":23},"end":{"line":47,"column":24}},"loc":{"start":{"line":47,"column":29},"end":{"line":47,"column":52}},"line":47}},"branchMap":{},"s":{"0":1,"1":1,"2":2,"3":2,"4":2,"5":2,"6":2,"7":2,"8":2,"9":2,"10":0,"11":0,"12":0,"13":0,"14":0,"15":0,"16":2,"17":0,"18":0,"19":0,"20":0,"21":0,"22":0,"23":2,"24":1,"25":2,"26":1,"27":1},"f":{"0":2,"1":2,"2":2,"3":0,"4":0,"5":1,"6":1},"b":{},"_coverageSchema":"1a1c01bbd47fc00a2c39e90264f33305004495a9","hash":"0a10b15890757df7066dad00ff6a5a13a38affe6"}
,"/Users/nbuskirk/Sites/dashboard/client/src/components/Layout/Layout.jsx": {"path":"/Users/nbuskirk/Sites/dashboard/client/src/components/Layout/Layout.jsx","statementMap":{"0":{"start":{"line":3,"column":15},"end":{"line":10,"column":1}},"1":{"start":{"line":4,"column":2},"end":{"line":9,"column":3}}},"fnMap":{"0":{"name":"(anonymous_0)","decl":{"start":{"line":3,"column":15},"end":{"line":3,"column":16}},"loc":{"start":{"line":3,"column":31},"end":{"line":10,"column":1}},"line":3}},"branchMap":{},"s":{"0":2,"1":2},"f":{"0":2},"b":{},"_coverageSchema":"1a1c01bbd47fc00a2c39e90264f33305004495a9","hash":"a142818afff5b03e7a5733d59e9294d1f38b8068"}
,"/Users/nbuskirk/Sites/dashboard/client/src/components/Navbar/Navbar.jsx": {"path":"/Users/nbuskirk/Sites/dashboard/client/src/components/Navbar/Navbar.jsx","statementMap":{"0":{"start":{"line":4,"column":15},"end":{"line":23,"column":1}},"1":{"start":{"line":5,"column":21},"end":{"line":5,"column":30}},"2":{"start":{"line":6,"column":2},"end":{"line":22,"column":4}}},"fnMap":{"0":{"name":"(anonymous_0)","decl":{"start":{"line":4,"column":15},"end":{"line":4,"column":16}},"loc":{"start":{"line":4,"column":21},"end":{"line":23,"column":1}},"line":4}},"branchMap":{},"s":{"0":3,"1":3,"2":3},"f":{"0":3},"b":{},"_coverageSchema":"1a1c01bbd47fc00a2c39e90264f33305004495a9","hash":"2a8c82209b7c6c0e9f4b94de4fec6ef89222dea9"}
,"/Users/nbuskirk/Sites/dashboard/client/src/components/Pages/Dashboard/Dashboard.jsx": {"path":"/Users/nbuskirk/Sites/dashboard/client/src/components/Pages/Dashboard/Dashboard.jsx","statementMap":{"0":{"start":{"line":12,"column":18},"end":{"line":46,"column":1}},"1":{"start":{"line":13,"column":2},"end":{"line":13,"column":34}},"2":{"start":{"line":14,"column":15},"end":{"line":14,"column":46}},"3":{"start":{"line":14,"column":35},"end":{"line":14,"column":45}},"4":{"start":{"line":15,"column":20},"end":{"line":15,"column":56}},"5":{"start":{"line":15,"column":40},"end":{"line":15,"column":55}},"6":{"start":{"line":16,"column":25},"end":{"line":16,"column":38}},"7":{"start":{"line":17,"column":20},"end":{"line":17,"column":45}},"8":{"start":{"line":19,"column":18},"end":{"line":25,"column":3}},"9":{"start":{"line":27,"column":17},"end":{"line":27,"column":57}},"10":{"start":{"line":28,"column":15},"end":{"line":28,"column":70}},"11":{"start":{"line":30,"column":2},"end":{"line":35,"column":15}},"12":{"start":{"line":31,"column":4},"end":{"line":31,"column":39}},"13":{"start":{"line":31,"column":32},"end":{"line":31,"column":39}},"14":{"start":{"line":32,"column":4},"end":{"line":32,"column":34}},"15":{"start":{"line":33,"column":4},"end":{"line":33,"column":26}},"16":{"start":{"line":34,"column":4},"end":{"line":34,"column":24}},"17":{"start":{"line":37,"column":2},"end":{"line":45,"column":4}}},"fnMap":{"0":{"name":"(anonymous_0)","decl":{"start":{"line":12,"column":18},"end":{"line":12,"column":19}},"loc":{"start":{"line":12,"column":24},"end":{"line":46,"column":1}},"line":12},"1":{"name":"(anonymous_1)","decl":{"start":{"line":14,"column":24},"end":{"line":14,"column":25}},"loc":{"start":{"line":14,"column":35},"end":{"line":14,"column":45}},"line":14},"2":{"name":"(anonymous_2)","decl":{"start":{"line":15,"column":29},"end":{"line":15,"column":30}},"loc":{"start":{"line":15,"column":40},"end":{"line":15,"column":55}},"line":15},"3":{"name":"(anonymous_3)","decl":{"start":{"line":30,"column":12},"end":{"line":30,"column":13}},"loc":{"start":{"line":30,"column":18},"end":{"line":35,"column":3}},"line":30}},"branchMap":{"0":{"loc":{"start":{"line":31,"column":4},"end":{"line":31,"column":39}},"type":"if","locations":[{"start":{"line":31,"column":4},"end":{"line":31,"column":39}},{"start":{},"end":{}}],"line":31}},"s":{"0":2,"1":2,"2":2,"3":2,"4":2,"5":2,"6":2,"7":2,"8":2,"9":2,"10":2,"11":2,"12":2,"13":1,"14":1,"15":1,"16":1,"17":2},"f":{"0":2,"1":2,"2":2,"3":2},"b":{"0":[1,1]},"_coverageSchema":"1a1c01bbd47fc00a2c39e90264f33305004495a9","hash":"643fbf81977feac49455c7b179c47200c5b11f6a"}
,"/Users/nbuskirk/Sites/dashboard/client/src/components/Pages/Home/Home.jsx": {"path":"/Users/nbuskirk/Sites/dashboard/client/src/components/Pages/Home/Home.jsx","statementMap":{"0":{"start":{"line":4,"column":13},"end":{"line":8,"column":1}},"1":{"start":{"line":5,"column":2},"end":{"line":5,"column":51}},"2":{"start":{"line":6,"column":19},"end":{"line":6,"column":32}},"3":{"start":{"line":7,"column":2},"end":{"line":7,"column":65}},"4":{"start":{"line":7,"column":18},"end":{"line":7,"column":59}}},"fnMap":{"0":{"name":"(anonymous_0)","decl":{"start":{"line":4,"column":13},"end":{"line":4,"column":14}},"loc":{"start":{"line":4,"column":19},"end":{"line":8,"column":1}},"line":4},"1":{"name":"(anonymous_1)","decl":{"start":{"line":7,"column":12},"end":{"line":7,"column":13}},"loc":{"start":{"line":7,"column":18},"end":{"line":7,"column":59}},"line":7}},"branchMap":{},"s":{"0":2,"1":2,"2":2,"3":2,"4":1},"f":{"0":2,"1":1},"b":{},"_coverageSchema":"1a1c01bbd47fc00a2c39e90264f33305004495a9","hash":"d75f26e4e8617a0fb136c2ea7bfa63ca874de857"}
,"/Users/nbuskirk/Sites/dashboard/client/src/components/Pages/Login/Login.jsx": {"path":"/Users/nbuskirk/Sites/dashboard/client/src/components/Pages/Login/Login.jsx","statementMap":{"0":{"start":{"line":20,"column":14},"end":{"line":138,"column":1}},"1":{"start":{"line":22,"column":34},"end":{"line":22,"column":79}},"2":{"start":{"line":25,"column":20},"end":{"line":25,"column":29}},"3":{"start":{"line":26,"column":25},"end":{"line":26,"column":35}},"4":{"start":{"line":28,"column":20},"end":{"line":28,"column":56}},"5":{"start":{"line":28,"column":40},"end":{"line":28,"column":55}},"6":{"start":{"line":30,"column":19},"end":{"line":30,"column":45}},"7":{"start":{"line":31,"column":20},"end":{"line":31,"column":45}},"8":{"start":{"line":32,"column":20},"end":{"line":32,"column":45}},"9":{"start":{"line":33,"column":28},"end":{"line":33,"column":60}},"10":{"start":{"line":35,"column":23},"end":{"line":41,"column":3}},"11":{"start":{"line":42,"column":24},"end":{"line":48,"column":3}},"12":{"start":{"line":50,"column":23},"end":{"line":50,"column":68}},"13":{"start":{"line":51,"column":24},"end":{"line":51,"column":71}},"14":{"start":{"line":52,"column":24},"end":{"line":52,"column":78}},"15":{"start":{"line":53,"column":31},"end":{"line":57,"column":3}},"16":{"start":{"line":59,"column":18},"end":{"line":62,"column":3}},"17":{"start":{"line":60,"column":4},"end":{"line":60,"column":23}},"18":{"start":{"line":61,"column":4},"end":{"line":61,"column":32}},"19":{"start":{"line":64,"column":2},"end":{"line":70,"column":41}},"20":{"start":{"line":68,"column":4},"end":{"line":69,"column":49}},"21":{"start":{"line":69,"column":6},"end":{"line":69,"column":49}},"22":{"start":{"line":72,"column":2},"end":{"line":83,"column":18}},"23":{"start":{"line":78,"column":4},"end":{"line":82,"column":5}},"24":{"start":{"line":79,"column":6},"end":{"line":79,"column":35}},"25":{"start":{"line":80,"column":6},"end":{"line":80,"column":35}},"26":{"start":{"line":81,"column":6},"end":{"line":81,"column":42}},"27":{"start":{"line":85,"column":2},"end":{"line":105,"column":5}},"28":{"start":{"line":87,"column":4},"end":{"line":99,"column":8}},"29":{"start":{"line":93,"column":6},"end":{"line":99,"column":8}},"30":{"start":{"line":107,"column":2},"end":{"line":137,"column":4}},"31":{"start":{"line":114,"column":12},"end":{"line":114,"column":68}},"32":{"start":{"line":121,"column":12},"end":{"line":121,"column":67}}},"fnMap":{"0":{"name":"(anonymous_0)","decl":{"start":{"line":20,"column":14},"end":{"line":20,"column":15}},"loc":{"start":{"line":20,"column":20},"end":{"line":138,"column":1}},"line":20},"1":{"name":"(anonymous_1)","decl":{"start":{"line":28,"column":29},"end":{"line":28,"column":30}},"loc":{"start":{"line":28,"column":40},"end":{"line":28,"column":55}},"line":28},"2":{"name":"(anonymous_2)","decl":{"start":{"line":59,"column":18},"end":{"line":59,"column":19}},"loc":{"start":{"line":59,"column":25},"end":{"line":62,"column":3}},"line":59},"3":{"name":"(anonymous_3)","decl":{"start":{"line":64,"column":12},"end":{"line":64,"column":13}},"loc":{"start":{"line":64,"column":18},"end":{"line":70,"column":3}},"line":64},"4":{"name":"(anonymous_4)","decl":{"start":{"line":72,"column":12},"end":{"line":72,"column":13}},"loc":{"start":{"line":72,"column":18},"end":{"line":83,"column":3}},"line":72},"5":{"name":"(anonymous_5)","decl":{"start":{"line":85,"column":12},"end":{"line":85,"column":13}},"loc":{"start":{"line":85,"column":18},"end":{"line":100,"column":3}},"line":85},"6":{"name":"(anonymous_6)","decl":{"start":{"line":113,"column":20},"end":{"line":113,"column":21}},"loc":{"start":{"line":113,"column":27},"end":{"line":115,"column":11}},"line":113},"7":{"name":"(anonymous_7)","decl":{"start":{"line":120,"column":20},"end":{"line":120,"column":21}},"loc":{"start":{"line":120,"column":27},"end":{"line":122,"column":11}},"line":120}},"branchMap":{"0":{"loc":{"start":{"line":68,"column":4},"end":{"line":69,"column":49}},"type":"if","locations":[{"start":{"line":68,"column":4},"end":{"line":69,"column":49}},{"start":{},"end":{}}],"line":68},"1":{"loc":{"start":{"line":78,"column":4},"end":{"line":82,"column":5}},"type":"if","locations":[{"start":{"line":78,"column":4},"end":{"line":82,"column":5}},{"start":{},"end":{}}],"line":78},"2":{"loc":{"start":{"line":87,"column":4},"end":{"line":99,"column":8}},"type":"if","locations":[{"start":{"line":87,"column":4},"end":{"line":99,"column":8}},{"start":{},"end":{}}],"line":87},"3":{"loc":{"start":{"line":88,"column":6},"end":{"line":91,"column":15}},"type":"binary-expr","locations":[{"start":{"line":88,"column":6},"end":{"line":88,"column":34}},{"start":{"line":89,"column":6},"end":{"line":89,"column":27}},{"start":{"line":90,"column":6},"end":{"line":90,"column":27}},{"start":{"line":91,"column":6},"end":{"line":91,"column":15}}],"line":88}},"s":{"0":2,"1":6,"2":5,"3":5,"4":1,"5":1,"6":1,"7":1,"8":1,"9":1,"10":1,"11":1,"12":1,"13":1,"14":1,"15":1,"16":1,"17":0,"18":0,"19":1,"20":1,"21":0,"22":1,"23":1,"24":0,"25":0,"26":0,"27":1,"28":1,"29":0,"30":1,"31":0,"32":0},"f":{"0":6,"1":1,"2":0,"3":1,"4":1,"5":1,"6":0,"7":0},"b":{"0":[0,1],"1":[0,1],"2":[0,1],"3":[1,0,0,0]},"_coverageSchema":"1a1c01bbd47fc00a2c39e90264f33305004495a9","hash":"e463017b74ec9badd46e082d63ef2d2ac2eed200"}
,"/Users/nbuskirk/Sites/dashboard/client/src/components/Pages/Test/Test.jsx": {"path":"/Users/nbuskirk/Sites/dashboard/client/src/components/Pages/Test/Test.jsx","statementMap":{"0":{"start":{"line":3,"column":13},"end":{"line":9,"column":1}},"1":{"start":{"line":4,"column":2},"end":{"line":8,"column":11}}},"fnMap":{"0":{"name":"(anonymous_0)","decl":{"start":{"line":3,"column":13},"end":{"line":3,"column":14}},"loc":{"start":{"line":4,"column":2},"end":{"line":8,"column":11}},"line":4}},"branchMap":{},"s":{"0":1,"1":0},"f":{"0":0},"b":{},"_coverageSchema":"1a1c01bbd47fc00a2c39e90264f33305004495a9","hash":"d6b0e4f00fdd3d4c5907f71063786d646882297c"}
,"/Users/nbuskirk/Sites/dashboard/client/src/components/Table/Table.jsx": {"path":"/Users/nbuskirk/Sites/dashboard/client/src/components/Table/Table.jsx","statementMap":{"0":{"start":{"line":1,"column":14},"end":{"line":27,"column":1}},"1":{"start":{"line":2,"column":2},"end":{"line":26,"column":8}},"2":{"start":{"line":15,"column":12},"end":{"line":21,"column":17}}},"fnMap":{"0":{"name":"(anonymous_0)","decl":{"start":{"line":1,"column":14},"end":{"line":1,"column":15}},"loc":{"start":{"line":2,"column":2},"end":{"line":26,"column":8}},"line":2},"1":{"name":"(anonymous_1)","decl":{"start":{"line":14,"column":20},"end":{"line":14,"column":21}},"loc":{"start":{"line":15,"column":12},"end":{"line":21,"column":17}},"line":15}},"branchMap":{"0":{"loc":{"start":{"line":3,"column":5},"end":{"line":3,"column":29}},"type":"binary-expr","locations":[{"start":{"line":3,"column":5},"end":{"line":3,"column":10}},{"start":{"line":3,"column":14},"end":{"line":3,"column":29}}],"line":3},"1":{"loc":{"start":{"line":4,"column":5},"end":{"line":25,"column":5}},"type":"binary-expr","locations":[{"start":{"line":4,"column":5},"end":{"line":4,"column":9}},{"start":{"line":5,"column":6},"end":{"line":24,"column":14}}],"line":4}},"s":{"0":3,"1":3,"2":0},"f":{"0":3,"1":0},"b":{"0":[3,3],"1":[3,0]},"_coverageSchema":"1a1c01bbd47fc00a2c39e90264f33305004495a9","hash":"bd7b6bff47ca8125b9e2778534c09b14fcb11970"}
,"/Users/nbuskirk/Sites/dashboard/client/src/hooks/useAPI.js": {"path":"/Users/nbuskirk/Sites/dashboard/client/src/hooks/useAPI.js","statementMap":{"0":{"start":{"line":3,"column":14},"end":{"line":3,"column":16}},"1":{"start":{"line":5,"column":30},"end":{"line":40,"column":1}},"2":{"start":{"line":6,"column":30},"end":{"line":6,"column":46}},"3":{"start":{"line":7,"column":32},"end":{"line":7,"column":42}},"4":{"start":{"line":9,"column":26},"end":{"line":9,"column":47}},"5":{"start":{"line":10,"column":23},"end":{"line":13,"column":3}},"6":{"start":{"line":14,"column":2},"end":{"line":14,"column":19}},"7":{"start":{"line":14,"column":12},"end":{"line":14,"column":19}},"8":{"start":{"line":15,"column":23},"end":{"line":34,"column":3}},"9":{"start":{"line":16,"column":4},"end":{"line":16,"column":26}},"10":{"start":{"line":17,"column":4},"end":{"line":33,"column":5}},"11":{"start":{"line":18,"column":21},"end":{"line":18,"column":31}},"12":{"start":{"line":19,"column":6},"end":{"line":19,"column":25}},"13":{"start":{"line":20,"column":6},"end":{"line":20,"column":27}},"14":{"start":{"line":22,"column":6},"end":{"line":32,"column":7}},"15":{"start":{"line":23,"column":25},"end":{"line":23,"column":55}},"16":{"start":{"line":24,"column":23},"end":{"line":24,"column":44}},"17":{"start":{"line":25,"column":8},"end":{"line":25,"column":28}},"18":{"start":{"line":26,"column":8},"end":{"line":26,"column":27}},"19":{"start":{"line":27,"column":8},"end":{"line":27,"column":29}},"20":{"start":{"line":29,"column":8},"end":{"line":31,"column":9}},"21":{"start":{"line":30,"column":10},"end":{"line":30,"column":45}},"22":{"start":{"line":35,"column":2},"end":{"line":39,"column":4}}},"fnMap":{"0":{"name":"(anonymous_0)","decl":{"start":{"line":5,"column":30},"end":{"line":5,"column":31}},"loc":{"start":{"line":5,"column":58},"end":{"line":40,"column":1}},"line":5},"1":{"name":"(anonymous_1)","decl":{"start":{"line":15,"column":23},"end":{"line":15,"column":24}},"loc":{"start":{"line":15,"column":35},"end":{"line":34,"column":3}},"line":15}},"branchMap":{"0":{"loc":{"start":{"line":14,"column":2},"end":{"line":14,"column":19}},"type":"if","locations":[{"start":{"line":14,"column":2},"end":{"line":14,"column":19}},{"start":{},"end":{}}],"line":14},"1":{"loc":{"start":{"line":17,"column":4},"end":{"line":33,"column":5}},"type":"if","locations":[{"start":{"line":17,"column":4},"end":{"line":33,"column":5}},{"start":{"line":21,"column":11},"end":{"line":33,"column":5}}],"line":17},"2":{"loc":{"start":{"line":17,"column":8},"end":{"line":17,"column":30}},"type":"binary-expr","locations":[{"start":{"line":17,"column":8},"end":{"line":17,"column":18}},{"start":{"line":17,"column":22},"end":{"line":17,"column":30}}],"line":17},"3":{"loc":{"start":{"line":29,"column":8},"end":{"line":31,"column":9}},"type":"if","locations":[{"start":{"line":29,"column":8},"end":{"line":31,"column":9}},{"start":{},"end":{}}],"line":29}},"s":{"0":3,"1":3,"2":8,"3":8,"4":8,"5":8,"6":8,"7":0,"8":8,"9":2,"10":2,"11":0,"12":0,"13":0,"14":2,"15":2,"16":0,"17":0,"18":0,"19":0,"20":2,"21":0,"22":8},"f":{"0":8,"1":2},"b":{"0":[0,8],"1":[0,2],"2":[2,0],"3":[0,2]},"_coverageSchema":"1a1c01bbd47fc00a2c39e90264f33305004495a9","hash":"4490dd2102ad55d45212b434771a8eec37912a24"}
,"/Users/nbuskirk/Sites/dashboard/client/src/hooks/useContent.js": {"path":"/Users/nbuskirk/Sites/dashboard/client/src/hooks/useContent.js","statementMap":{"0":{"start":{"line":3,"column":14},"end":{"line":3,"column":16}},"1":{"start":{"line":5,"column":26},"end":{"line":40,"column":1}},"2":{"start":{"line":6,"column":30},"end":{"line":6,"column":46}},"3":{"start":{"line":7,"column":32},"end":{"line":7,"column":42}},"4":{"start":{"line":9,"column":2},"end":{"line":34,"column":12}},"5":{"start":{"line":10,"column":28},"end":{"line":10,"column":49}},"6":{"start":{"line":11,"column":4},"end":{"line":11,"column":21}},"7":{"start":{"line":11,"column":14},"end":{"line":11,"column":21}},"8":{"start":{"line":12,"column":25},"end":{"line":31,"column":5}},"9":{"start":{"line":13,"column":6},"end":{"line":13,"column":28}},"10":{"start":{"line":14,"column":6},"end":{"line":30,"column":7}},"11":{"start":{"line":15,"column":21},"end":{"line":15,"column":31}},"12":{"start":{"line":16,"column":8},"end":{"line":16,"column":25}},"13":{"start":{"line":17,"column":8},"end":{"line":17,"column":29}},"14":{"start":{"line":19,"column":8},"end":{"line":29,"column":9}},"15":{"start":{"line":20,"column":27},"end":{"line":20,"column":79}},"16":{"start":{"line":21,"column":23},"end":{"line":21,"column":44}},"17":{"start":{"line":22,"column":10},"end":{"line":22,"column":28}},"18":{"start":{"line":23,"column":10},"end":{"line":23,"column":27}},"19":{"start":{"line":24,"column":10},"end":{"line":24,"column":31}},"20":{"start":{"line":26,"column":10},"end":{"line":28,"column":11}},"21":{"start":{"line":27,"column":12},"end":{"line":27,"column":47}},"22":{"start":{"line":32,"column":4},"end":{"line":32,"column":19}},"23":{"start":{"line":33,"column":4},"end":{"line":33,"column":41}},"24":{"start":{"line":33,"column":17},"end":{"line":33,"column":40}},"25":{"start":{"line":36,"column":2},"end":{"line":39,"column":4}}},"fnMap":{"0":{"name":"(anonymous_0)","decl":{"start":{"line":5,"column":26},"end":{"line":5,"column":27}},"loc":{"start":{"line":5,"column":35},"end":{"line":40,"column":1}},"line":5},"1":{"name":"(anonymous_1)","decl":{"start":{"line":9,"column":12},"end":{"line":9,"column":13}},"loc":{"start":{"line":9,"column":18},"end":{"line":34,"column":3}},"line":9},"2":{"name":"(anonymous_2)","decl":{"start":{"line":12,"column":25},"end":{"line":12,"column":26}},"loc":{"start":{"line":12,"column":37},"end":{"line":31,"column":5}},"line":12},"3":{"name":"(anonymous_3)","decl":{"start":{"line":33,"column":11},"end":{"line":33,"column":12}},"loc":{"start":{"line":33,"column":17},"end":{"line":33,"column":40}},"line":33}},"branchMap":{"0":{"loc":{"start":{"line":11,"column":4},"end":{"line":11,"column":21}},"type":"if","locations":[{"start":{"line":11,"column":4},"end":{"line":11,"column":21}},{"start":{},"end":{}}],"line":11},"1":{"loc":{"start":{"line":14,"column":6},"end":{"line":30,"column":7}},"type":"if","locations":[{"start":{"line":14,"column":6},"end":{"line":30,"column":7}},{"start":{"line":18,"column":13},"end":{"line":30,"column":7}}],"line":14},"2":{"loc":{"start":{"line":26,"column":10},"end":{"line":28,"column":11}},"type":"if","locations":[{"start":{"line":26,"column":10},"end":{"line":28,"column":11}},{"start":{},"end":{}}],"line":26}},"s":{"0":0,"1":0,"2":0,"3":0,"4":0,"5":0,"6":0,"7":0,"8":0,"9":0,"10":0,"11":0,"12":0,"13":0,"14":0,"15":0,"16":0,"17":0,"18":0,"19":0,"20":0,"21":0,"22":0,"23":0,"24":0,"25":0},"f":{"0":0,"1":0,"2":0,"3":0},"b":{"0":[0,0],"1":[0,0],"2":[0,0]}}
,"/Users/nbuskirk/Sites/dashboard/client/src/hooks/useCookies.js": {"path":"/Users/nbuskirk/Sites/dashboard/client/src/hooks/useCookies.js","statementMap":{"0":{"start":{"line":4,"column":26},"end":{"line":26,"column":1}},"1":{"start":{"line":5,"column":40},"end":{"line":16,"column":4}},"2":{"start":{"line":6,"column":4},"end":{"line":15,"column":5}},"3":{"start":{"line":7,"column":20},"end":{"line":7,"column":40}},"4":{"start":{"line":8,"column":6},"end":{"line":10,"column":7}},"5":{"start":{"line":9,"column":8},"end":{"line":9,"column":21}},"6":{"start":{"line":11,"column":6},"end":{"line":11,"column":41}},"7":{"start":{"line":12,"column":6},"end":{"line":12,"column":26}},"8":{"start":{"line":14,"column":6},"end":{"line":14,"column":26}},"9":{"start":{"line":17,"column":19},"end":{"line":24,"column":3}},"10":{"start":{"line":18,"column":4},"end":{"line":22,"column":5}},"11":{"start":{"line":19,"column":6},"end":{"line":19,"column":37}},"12":{"start":{"line":21,"column":6},"end":{"line":21,"column":25}},"13":{"start":{"line":23,"column":4},"end":{"line":23,"column":29}},"14":{"start":{"line":25,"column":2},"end":{"line":25,"column":33}}},"fnMap":{"0":{"name":"(anonymous_0)","decl":{"start":{"line":4,"column":26},"end":{"line":4,"column":27}},"loc":{"start":{"line":4,"column":53},"end":{"line":26,"column":1}},"line":4},"1":{"name":"(anonymous_1)","decl":{"start":{"line":5,"column":49},"end":{"line":5,"column":50}},"loc":{"start":{"line":5,"column":55},"end":{"line":16,"column":3}},"line":5},"2":{"name":"(anonymous_2)","decl":{"start":{"line":17,"column":19},"end":{"line":17,"column":20}},"loc":{"start":{"line":17,"column":33},"end":{"line":24,"column":3}},"line":17}},"branchMap":{"0":{"loc":{"start":{"line":8,"column":6},"end":{"line":10,"column":7}},"type":"if","locations":[{"start":{"line":8,"column":6},"end":{"line":10,"column":7}},{"start":{},"end":{}}],"line":8}},"s":{"0":1,"1":2,"2":1,"3":1,"4":1,"5":0,"6":1,"7":1,"8":0,"9":2,"10":0,"11":0,"12":0,"13":0,"14":2},"f":{"0":2,"1":1,"2":0},"b":{"0":[0,1]},"_coverageSchema":"1a1c01bbd47fc00a2c39e90264f33305004495a9","hash":"144724145a9ce650897a43a6fbe0bcb29d7f7c28"}
,"/Users/nbuskirk/Sites/dashboard/client/src/hooks/useStore.js": {"path":"/Users/nbuskirk/Sites/dashboard/client/src/hooks/useStore.js","statementMap":{"0":{"start":{"line":4,"column":12},"end":{"line":35,"column":2}},"1":{"start":{"line":4,"column":22},"end":{"line":35,"column":1}},"2":{"start":{"line":11,"column":4},"end":{"line":13,"column":8}},"3":{"start":{"line":11,"column":15},"end":{"line":13,"column":5}},"4":{"start":{"line":16,"column":4},"end":{"line":18,"column":8}},"5":{"start":{"line":16,"column":15},"end":{"line":18,"column":5}},"6":{"start":{"line":21,"column":4},"end":{"line":23,"column":8}},"7":{"start":{"line":21,"column":15},"end":{"line":23,"column":5}},"8":{"start":{"line":26,"column":4},"end":{"line":28,"column":8}},"9":{"start":{"line":26,"column":15},"end":{"line":28,"column":5}},"10":{"start":{"line":31,"column":4},"end":{"line":33,"column":8}},"11":{"start":{"line":31,"column":15},"end":{"line":33,"column":5}},"12":{"start":{"line":37,"column":0},"end":{"line":37,"column":42}},"13":{"start":{"line":38,"column":0},"end":{"line":38,"column":24}},"14":{"start":{"line":40,"column":24},"end":{"line":40,"column":37}}},"fnMap":{"0":{"name":"(anonymous_0)","decl":{"start":{"line":4,"column":12},"end":{"line":4,"column":13}},"loc":{"start":{"line":4,"column":22},"end":{"line":35,"column":1}},"line":4},"1":{"name":"(anonymous_1)","decl":{"start":{"line":10,"column":11},"end":{"line":10,"column":12}},"loc":{"start":{"line":10,"column":21},"end":{"line":14,"column":3}},"line":10},"2":{"name":"(anonymous_2)","decl":{"start":{"line":11,"column":8},"end":{"line":11,"column":9}},"loc":{"start":{"line":11,"column":15},"end":{"line":13,"column":5}},"line":11},"3":{"name":"(anonymous_3)","decl":{"start":{"line":15,"column":14},"end":{"line":15,"column":15}},"loc":{"start":{"line":15,"column":29},"end":{"line":19,"column":3}},"line":15},"4":{"name":"(anonymous_4)","decl":{"start":{"line":16,"column":8},"end":{"line":16,"column":9}},"loc":{"start":{"line":16,"column":15},"end":{"line":18,"column":5}},"line":16},"5":{"name":"(anonymous_5)","decl":{"start":{"line":20,"column":20},"end":{"line":20,"column":21}},"loc":{"start":{"line":20,"column":32},"end":{"line":24,"column":3}},"line":20},"6":{"name":"(anonymous_6)","decl":{"start":{"line":21,"column":8},"end":{"line":21,"column":9}},"loc":{"start":{"line":21,"column":15},"end":{"line":23,"column":5}},"line":21},"7":{"name":"(anonymous_7)","decl":{"start":{"line":25,"column":13},"end":{"line":25,"column":14}},"loc":{"start":{"line":25,"column":25},"end":{"line":29,"column":3}},"line":25},"8":{"name":"(anonymous_8)","decl":{"start":{"line":26,"column":8},"end":{"line":26,"column":9}},"loc":{"start":{"line":26,"column":15},"end":{"line":28,"column":5}},"line":26},"9":{"name":"(anonymous_9)","decl":{"start":{"line":30,"column":20},"end":{"line":30,"column":21}},"loc":{"start":{"line":30,"column":32},"end":{"line":34,"column":3}},"line":30},"10":{"name":"(anonymous_10)","decl":{"start":{"line":31,"column":8},"end":{"line":31,"column":9}},"loc":{"start":{"line":31,"column":15},"end":{"line":33,"column":5}},"line":31}},"branchMap":{},"s":{"0":2,"1":2,"2":1,"3":1,"4":0,"5":0,"6":0,"7":0,"8":0,"9":0,"10":0,"11":0,"12":2,"13":2,"14":2},"f":{"0":2,"1":1,"2":1,"3":0,"4":0,"5":0,"6":0,"7":0,"8":0,"9":0,"10":0},"b":{},"_coverageSchema":"1a1c01bbd47fc00a2c39e90264f33305004495a9","hash":"4bdb67faf7dc4716b0c8f764c1a723b6b1bbfc88"}
}
