TN:
SF:src/main.jsx
FNF:0
FNH:0
DA:10,0
LF:1
LH:0
BRF:0
BRH:0
end_of_record
TN:
SF:src/components/App/App.jsx
FN:18,(anonymous_0)
FN:19,(anonymous_1)
FN:26,App
FNF:3
FNH:3
FNDA:1,(anonymous_0)
FNDA:1,(anonymous_1)
FNDA:1,App
DA:18,1
DA:19,1
DA:20,1
DA:21,1
DA:23,0
DA:27,1
LF:6
LH:5
BRDA:20,0,0,1
BRDA:20,0,1,0
BRF:2
BRH:1
end_of_record
TN:
SF:src/components/AuthProvider/AuthProvider.jsx
FN:9,(anonymous_0)
FN:10,(anonymous_1)
FN:11,(anonymous_2)
FN:17,(anonymous_3)
FN:32,(anonymous_4)
FN:42,(anonymous_5)
FN:47,(anonymous_6)
FNF:7
FNH:5
FNDA:2,(anonymous_0)
FNDA:2,(anonymous_1)
FNDA:2,(anonymous_2)
FNDA:0,(anonymous_3)
FNDA:0,(anonymous_4)
FNDA:1,(anonymous_5)
FNDA:1,(anonymous_6)
DA:7,1
DA:9,1
DA:10,2
DA:11,2
DA:12,2
DA:13,2
DA:15,2
DA:17,2
DA:24,0
DA:25,0
DA:26,0
DA:27,0
DA:28,0
DA:29,0
DA:32,2
DA:33,0
DA:34,0
DA:35,0
DA:36,0
DA:37,0
DA:38,0
DA:42,2
DA:44,2
DA:47,1
LF:24
LH:12
BRF:0
BRH:0
end_of_record
TN:
SF:src/components/Layout/Layout.jsx
FN:3,(anonymous_0)
FNF:1
FNH:1
FNDA:2,(anonymous_0)
DA:3,2
DA:4,2
LF:2
LH:2
BRF:0
BRH:0
end_of_record
TN:
SF:src/components/Navbar/Navbar.jsx
FN:4,(anonymous_0)
FNF:1
FNH:1
FNDA:3,(anonymous_0)
DA:4,3
DA:5,3
DA:6,3
LF:3
LH:3
BRF:0
BRH:0
end_of_record
TN:
SF:src/components/Pages/Dashboard/Dashboard.jsx
FN:12,(anonymous_0)
FN:14,(anonymous_1)
FN:15,(anonymous_2)
FN:30,(anonymous_3)
FNF:4
FNH:4
FNDA:2,(anonymous_0)
FNDA:2,(anonymous_1)
FNDA:2,(anonymous_2)
FNDA:2,(anonymous_3)
DA:12,2
DA:13,2
DA:14,2
DA:15,2
DA:16,2
DA:17,2
DA:19,2
DA:27,2
DA:28,2
DA:30,2
DA:31,2
DA:32,1
DA:33,1
DA:34,1
DA:37,2
LF:15
LH:15
BRDA:31,0,0,1
BRDA:31,0,1,1
BRF:2
BRH:2
end_of_record
TN:
SF:src/components/Pages/Home/Home.jsx
FN:4,(anonymous_0)
FN:7,(anonymous_1)
FNF:2
FNH:2
FNDA:2,(anonymous_0)
FNDA:1,(anonymous_1)
DA:4,2
DA:5,2
DA:6,2
DA:7,2
LF:4
LH:4
BRF:0
BRH:0
end_of_record
TN:
SF:src/components/Pages/Login/Login.jsx
FN:20,(anonymous_0)
FN:28,(anonymous_1)
FN:59,(anonymous_2)
FN:64,(anonymous_3)
FN:72,(anonymous_4)
FN:85,(anonymous_5)
FN:113,(anonymous_6)
FN:120,(anonymous_7)
FNF:8
FNH:5
FNDA:6,(anonymous_0)
FNDA:1,(anonymous_1)
FNDA:0,(anonymous_2)
FNDA:1,(anonymous_3)
FNDA:1,(anonymous_4)
FNDA:1,(anonymous_5)
FNDA:0,(anonymous_6)
FNDA:0,(anonymous_7)
DA:20,2
DA:22,6
DA:25,5
DA:26,5
DA:28,1
DA:30,1
DA:31,1
DA:32,1
DA:33,1
DA:35,1
DA:42,1
DA:50,1
DA:51,1
DA:52,1
DA:53,1
DA:59,1
DA:60,0
DA:61,0
DA:64,1
DA:68,1
DA:69,0
DA:72,1
DA:78,1
DA:79,0
DA:80,0
DA:81,0
DA:85,1
DA:87,1
DA:93,0
DA:107,1
DA:114,0
DA:121,0
LF:32
LH:23
BRDA:68,0,0,0
BRDA:68,0,1,1
BRDA:78,1,0,0
BRDA:78,1,1,1
BRDA:87,2,0,0
BRDA:87,2,1,1
BRDA:88,3,0,1
BRDA:88,3,1,0
BRDA:88,3,2,0
BRDA:88,3,3,0
BRF:10
BRH:4
end_of_record
TN:
SF:src/components/Pages/Test/Test.jsx
FN:3,(anonymous_0)
FNF:1
FNH:0
FNDA:0,(anonymous_0)
DA:3,1
DA:4,0
LF:2
LH:1
BRF:0
BRH:0
end_of_record
TN:
SF:src/components/Table/Table.jsx
FN:1,(anonymous_0)
FN:14,(anonymous_1)
FNF:2
FNH:1
FNDA:3,(anonymous_0)
FNDA:0,(anonymous_1)
DA:1,3
DA:2,3
DA:15,0
LF:3
LH:2
BRDA:3,0,0,3
BRDA:3,0,1,3
BRDA:4,1,0,3
BRDA:4,1,1,0
BRF:4
BRH:3
end_of_record
TN:
SF:src/hooks/useAPI.js
FN:5,(anonymous_0)
FN:15,(anonymous_1)
FNF:2
FNH:2
FNDA:8,(anonymous_0)
FNDA:2,(anonymous_1)
DA:3,3
DA:5,3
DA:6,8
DA:7,8
DA:9,8
DA:10,8
DA:14,8
DA:15,8
DA:16,2
DA:17,2
DA:18,0
DA:19,0
DA:20,0
DA:22,2
DA:23,2
DA:24,0
DA:25,0
DA:26,0
DA:27,0
DA:29,2
DA:30,0
DA:35,8
LF:22
LH:14
BRDA:14,0,0,0
BRDA:14,0,1,8
BRDA:17,1,0,0
BRDA:17,1,1,2
BRDA:17,2,0,2
BRDA:17,2,1,0
BRDA:29,3,0,0
BRDA:29,3,1,2
BRF:8
BRH:4
end_of_record
TN:
SF:src/hooks/useContent.js
FN:5,(anonymous_0)
FN:9,(anonymous_1)
FN:12,(anonymous_2)
FN:33,(anonymous_3)
FNF:4
FNH:0
FNDA:0,(anonymous_0)
FNDA:0,(anonymous_1)
FNDA:0,(anonymous_2)
FNDA:0,(anonymous_3)
DA:3,0
DA:5,0
DA:6,0
DA:7,0
DA:9,0
DA:10,0
DA:11,0
DA:12,0
DA:13,0
DA:14,0
DA:15,0
DA:16,0
DA:17,0
DA:19,0
DA:20,0
DA:21,0
DA:22,0
DA:23,0
DA:24,0
DA:26,0
DA:27,0
DA:32,0
DA:33,0
DA:36,0
LF:24
LH:0
BRDA:11,0,0,0
BRDA:11,0,1,0
BRDA:14,1,0,0
BRDA:14,1,1,0
BRDA:26,2,0,0
BRDA:26,2,1,0
BRF:6
BRH:0
end_of_record
TN:
SF:src/hooks/useCookies.js
FN:4,(anonymous_0)
FN:5,(anonymous_1)
FN:17,(anonymous_2)
FNF:3
FNH:2
FNDA:2,(anonymous_0)
FNDA:1,(anonymous_1)
FNDA:0,(anonymous_2)
DA:4,1
DA:5,2
DA:6,1
DA:7,1
DA:8,1
DA:9,0
DA:11,1
DA:12,1
DA:14,0
DA:17,2
DA:18,0
DA:19,0
DA:21,0
DA:23,0
DA:25,2
LF:15
LH:9
BRDA:8,0,0,0
BRDA:8,0,1,1
BRF:2
BRH:1
end_of_record
TN:
SF:src/hooks/useStore.js
FN:4,(anonymous_0)
FN:10,(anonymous_1)
FN:11,(anonymous_2)
FN:15,(anonymous_3)
FN:16,(anonymous_4)
FN:20,(anonymous_5)
FN:21,(anonymous_6)
FN:25,(anonymous_7)
FN:26,(anonymous_8)
FN:30,(anonymous_9)
FN:31,(anonymous_10)
FNF:11
FNH:3
FNDA:2,(anonymous_0)
FNDA:1,(anonymous_1)
FNDA:1,(anonymous_2)
FNDA:0,(anonymous_3)
FNDA:0,(anonymous_4)
FNDA:0,(anonymous_5)
FNDA:0,(anonymous_6)
FNDA:0,(anonymous_7)
FNDA:0,(anonymous_8)
FNDA:0,(anonymous_9)
FNDA:0,(anonymous_10)
DA:4,2
DA:11,1
DA:16,0
DA:21,0
DA:26,0
DA:31,0
DA:37,2
DA:38,2
DA:40,2
LF:9
LH:5
BRF:0
BRH:0
end_of_record
